<?xml version="1.0" encoding="UTF-8"?>
<!-- Generated by org.testng.reporters.JUnitReportReporter -->
<testsuite hostname="DESKTOP-GO0UMS4" failures="0" tests="1" name="testng.project.NewTest1" time="15.006" errors="0" timestamp="2022-12-12T05:22:15 EST" skipped="0">
  <testcase classname="testng.project.NewTest1" name="T1" time="15.006"/>
  <system-out/>
</testsuite> <!-- testng.project.NewTest1 -->
